C:\Users\Tannavi\CG\MedicalStore\MedicalStoreManagementSystem\ClientApp\dist\out-tsc\app\admin\reports\reports.component.js
C:\Users\Tannavi\CG\MedicalStore\MedicalStoreManagementSystem\ClientApp\dist\out-tsc\app\admin\reports\reports.component.js.map
C:\Users\Tannavi\CG\MedicalStore\MedicalStoreManagementSystem\ClientApp\dist\out-tsc\app\admin\stock\stock.model.js
C:\Users\Tannavi\CG\MedicalStore\MedicalStoreManagementSystem\ClientApp\dist\out-tsc\app\admin\stock\stock.model.js.map
C:\Users\Tannavi\CG\MedicalStore\MedicalStoreManagementSystem\ClientApp\dist\out-tsc\environments\environment.js
C:\Users\Tannavi\CG\MedicalStore\MedicalStoreManagementSystem\ClientApp\dist\out-tsc\environments\environment.js.map
C:\Users\Tannavi\CG\MedicalStore\MedicalStoreManagementSystem\ClientApp\dist\out-tsc\app\admin\stock\stock.service.js
C:\Users\Tannavi\CG\MedicalStore\MedicalStoreManagementSystem\ClientApp\dist\out-tsc\app\admin\stock\stock.service.js.map
C:\Users\Tannavi\CG\MedicalStore\MedicalStoreManagementSystem\ClientApp\dist\out-tsc\app\admin\stock\stock.component.js
C:\Users\Tannavi\CG\MedicalStore\MedicalStoreManagementSystem\ClientApp\dist\out-tsc\app\admin\stock\stock.component.js.map
C:\Users\Tannavi\CG\MedicalStore\MedicalStoreManagementSystem\ClientApp\dist\out-tsc\app\admin\suppliers\suppliers.model.js
C:\Users\Tannavi\CG\MedicalStore\MedicalStoreManagementSystem\ClientApp\dist\out-tsc\app\admin\suppliers\suppliers.model.js.map
C:\Users\Tannavi\CG\MedicalStore\MedicalStoreManagementSystem\ClientApp\dist\out-tsc\app\admin\suppliers\companies.service.js
C:\Users\Tannavi\CG\MedicalStore\MedicalStoreManagementSystem\ClientApp\dist\out-tsc\app\admin\suppliers\companies.service.js.map
C:\Users\Tannavi\CG\MedicalStore\MedicalStoreManagementSystem\ClientApp\dist\out-tsc\app\admin\suppliers\suppliers.component.js
C:\Users\Tannavi\CG\MedicalStore\MedicalStoreManagementSystem\ClientApp\dist\out-tsc\app\admin\suppliers\suppliers.component.js.map
C:\Users\Tannavi\CG\MedicalStore\MedicalStoreManagementSystem\ClientApp\dist\out-tsc\app\admin\customers\customers.model.js
C:\Users\Tannavi\CG\MedicalStore\MedicalStoreManagementSystem\ClientApp\dist\out-tsc\app\admin\customers\customers.model.js.map
C:\Users\Tannavi\CG\MedicalStore\MedicalStoreManagementSystem\ClientApp\dist\out-tsc\app\admin\customers\clients.service.js
C:\Users\Tannavi\CG\MedicalStore\MedicalStoreManagementSystem\ClientApp\dist\out-tsc\app\admin\customers\clients.service.js.map
C:\Users\Tannavi\CG\MedicalStore\MedicalStoreManagementSystem\ClientApp\dist\out-tsc\app\admin\customers\customers.component.js
C:\Users\Tannavi\CG\MedicalStore\MedicalStoreManagementSystem\ClientApp\dist\out-tsc\app\admin\customers\customers.component.js.map
C:\Users\Tannavi\CG\MedicalStore\MedicalStoreManagementSystem\ClientApp\dist\out-tsc\app\admin\medicines\medicines.component.js
C:\Users\Tannavi\CG\MedicalStore\MedicalStoreManagementSystem\ClientApp\dist\out-tsc\app\admin\medicines\medicines.component.js.map
C:\Users\Tannavi\CG\MedicalStore\MedicalStoreManagementSystem\ClientApp\dist\out-tsc\app\admin\admin.component.js
C:\Users\Tannavi\CG\MedicalStore\MedicalStoreManagementSystem\ClientApp\dist\out-tsc\app\admin\admin.component.js.map
C:\Users\Tannavi\CG\MedicalStore\MedicalStoreManagementSystem\ClientApp\dist\out-tsc\app\admin\security\security.models.js
C:\Users\Tannavi\CG\MedicalStore\MedicalStoreManagementSystem\ClientApp\dist\out-tsc\app\admin\security\security.models.js.map
C:\Users\Tannavi\CG\MedicalStore\MedicalStoreManagementSystem\ClientApp\dist\out-tsc\app\admin\security\security.service.js
C:\Users\Tannavi\CG\MedicalStore\MedicalStoreManagementSystem\ClientApp\dist\out-tsc\app\admin\security\security.service.js.map
C:\Users\Tannavi\CG\MedicalStore\MedicalStoreManagementSystem\ClientApp\dist\out-tsc\app\admin\is-admin.guard.js
C:\Users\Tannavi\CG\MedicalStore\MedicalStoreManagementSystem\ClientApp\dist\out-tsc\app\admin\is-admin.guard.js.map
C:\Users\Tannavi\CG\MedicalStore\MedicalStoreManagementSystem\ClientApp\dist\out-tsc\app\admin\utility.js
C:\Users\Tannavi\CG\MedicalStore\MedicalStoreManagementSystem\ClientApp\dist\out-tsc\app\admin\utility.js.map
C:\Users\Tannavi\CG\MedicalStore\MedicalStoreManagementSystem\ClientApp\dist\out-tsc\app\admin\security\login\login.component.js
C:\Users\Tannavi\CG\MedicalStore\MedicalStoreManagementSystem\ClientApp\dist\out-tsc\app\admin\security\login\login.component.js.map
C:\Users\Tannavi\CG\MedicalStore\MedicalStoreManagementSystem\ClientApp\dist\out-tsc\app\admin\security\register\register.component.js
C:\Users\Tannavi\CG\MedicalStore\MedicalStoreManagementSystem\ClientApp\dist\out-tsc\app\admin\security\register\register.component.js.map
C:\Users\Tannavi\CG\MedicalStore\MedicalStoreManagementSystem\ClientApp\dist\out-tsc\app\admin\logout\logout.component.js
C:\Users\Tannavi\CG\MedicalStore\MedicalStoreManagementSystem\ClientApp\dist\out-tsc\app\admin\logout\logout.component.js.map
C:\Users\Tannavi\CG\MedicalStore\MedicalStoreManagementSystem\ClientApp\dist\out-tsc\app\admin\customers\create-customer\create-customer.component.js
C:\Users\Tannavi\CG\MedicalStore\MedicalStoreManagementSystem\ClientApp\dist\out-tsc\app\admin\customers\create-customer\create-customer.component.js.map
C:\Users\Tannavi\CG\MedicalStore\MedicalStoreManagementSystem\ClientApp\dist\out-tsc\app\admin\customers\edit-customer\edit-customer.component.js
C:\Users\Tannavi\CG\MedicalStore\MedicalStoreManagementSystem\ClientApp\dist\out-tsc\app\admin\customers\edit-customer\edit-customer.component.js.map
C:\Users\Tannavi\CG\MedicalStore\MedicalStoreManagementSystem\ClientApp\dist\out-tsc\app\admin\dashboard\dashboard.component.js
C:\Users\Tannavi\CG\MedicalStore\MedicalStoreManagementSystem\ClientApp\dist\out-tsc\app\admin\dashboard\dashboard.component.js.map
C:\Users\Tannavi\CG\MedicalStore\MedicalStoreManagementSystem\ClientApp\dist\out-tsc\app\admin\suppliers\create-supplier\create-supplier.component.js
C:\Users\Tannavi\CG\MedicalStore\MedicalStoreManagementSystem\ClientApp\dist\out-tsc\app\admin\suppliers\create-supplier\create-supplier.component.js.map
C:\Users\Tannavi\CG\MedicalStore\MedicalStoreManagementSystem\ClientApp\dist\out-tsc\app\admin\suppliers\edit-supplier\edit-supplier.component.js
C:\Users\Tannavi\CG\MedicalStore\MedicalStoreManagementSystem\ClientApp\dist\out-tsc\app\admin\suppliers\edit-supplier\edit-supplier.component.js.map
C:\Users\Tannavi\CG\MedicalStore\MedicalStoreManagementSystem\ClientApp\dist\out-tsc\app\admin\stock\create-stock\create-stock.component.js
C:\Users\Tannavi\CG\MedicalStore\MedicalStoreManagementSystem\ClientApp\dist\out-tsc\app\admin\stock\create-stock\create-stock.component.js.map
C:\Users\Tannavi\CG\MedicalStore\MedicalStoreManagementSystem\ClientApp\dist\out-tsc\app\admin\stock\edit-stock\edit-stock.component.js
C:\Users\Tannavi\CG\MedicalStore\MedicalStoreManagementSystem\ClientApp\dist\out-tsc\app\admin\stock\edit-stock\edit-stock.component.js.map
C:\Users\Tannavi\CG\MedicalStore\MedicalStoreManagementSystem\ClientApp\dist\out-tsc\app\admin\admin-routing.module.js
C:\Users\Tannavi\CG\MedicalStore\MedicalStoreManagementSystem\ClientApp\dist\out-tsc\app\admin\admin-routing.module.js.map
C:\Users\Tannavi\CG\MedicalStore\MedicalStoreManagementSystem\ClientApp\dist\out-tsc\app\admin\navigation\navigation.component.js
C:\Users\Tannavi\CG\MedicalStore\MedicalStoreManagementSystem\ClientApp\dist\out-tsc\app\admin\navigation\navigation.component.js.map
C:\Users\Tannavi\CG\MedicalStore\MedicalStoreManagementSystem\ClientApp\dist\out-tsc\app\admin\security\authentication-form\authentication-form.component.js
C:\Users\Tannavi\CG\MedicalStore\MedicalStoreManagementSystem\ClientApp\dist\out-tsc\app\admin\security\authentication-form\authentication-form.component.js.map
C:\Users\Tannavi\CG\MedicalStore\MedicalStoreManagementSystem\ClientApp\dist\out-tsc\app\admin\display-errors\display-errors.component.js
C:\Users\Tannavi\CG\MedicalStore\MedicalStoreManagementSystem\ClientApp\dist\out-tsc\app\admin\display-errors\display-errors.component.js.map
C:\Users\Tannavi\CG\MedicalStore\MedicalStoreManagementSystem\ClientApp\dist\out-tsc\app\admin\authorize-view\authorize-view.component.js
C:\Users\Tannavi\CG\MedicalStore\MedicalStoreManagementSystem\ClientApp\dist\out-tsc\app\admin\authorize-view\authorize-view.component.js.map
C:\Users\Tannavi\CG\MedicalStore\MedicalStoreManagementSystem\ClientApp\dist\out-tsc\app\admin\customers\form-customers\form-customers.component.js
C:\Users\Tannavi\CG\MedicalStore\MedicalStoreManagementSystem\ClientApp\dist\out-tsc\app\admin\customers\form-customers\form-customers.component.js.map
C:\Users\Tannavi\CG\MedicalStore\MedicalStoreManagementSystem\ClientApp\dist\out-tsc\app\admin\suppliers\form-suppliers\form-suppliers.component.js
C:\Users\Tannavi\CG\MedicalStore\MedicalStoreManagementSystem\ClientApp\dist\out-tsc\app\admin\suppliers\form-suppliers\form-suppliers.component.js.map
C:\Users\Tannavi\CG\MedicalStore\MedicalStoreManagementSystem\ClientApp\dist\out-tsc\app\admin\stock\geo-location-service.js
C:\Users\Tannavi\CG\MedicalStore\MedicalStoreManagementSystem\ClientApp\dist\out-tsc\app\admin\stock\geo-location-service.js.map
C:\Users\Tannavi\CG\MedicalStore\MedicalStoreManagementSystem\ClientApp\dist\out-tsc\app\admin\stock\form-stock\form-stock.component.js
C:\Users\Tannavi\CG\MedicalStore\MedicalStoreManagementSystem\ClientApp\dist\out-tsc\app\admin\stock\form-stock\form-stock.component.js.map
C:\Users\Tannavi\CG\MedicalStore\MedicalStoreManagementSystem\ClientApp\dist\out-tsc\app\admin\admin.module.js
C:\Users\Tannavi\CG\MedicalStore\MedicalStoreManagementSystem\ClientApp\dist\out-tsc\app\admin\admin.module.js.map
C:\Users\Tannavi\CG\MedicalStore\MedicalStoreManagementSystem\ClientApp\dist\out-tsc\app\home\home.component.js
C:\Users\Tannavi\CG\MedicalStore\MedicalStoreManagementSystem\ClientApp\dist\out-tsc\app\home\home.component.js.map
C:\Users\Tannavi\CG\MedicalStore\MedicalStoreManagementSystem\ClientApp\dist\out-tsc\app\app-routing.module.js
C:\Users\Tannavi\CG\MedicalStore\MedicalStoreManagementSystem\ClientApp\dist\out-tsc\app\app-routing.module.js.map
C:\Users\Tannavi\CG\MedicalStore\MedicalStoreManagementSystem\ClientApp\dist\out-tsc\app\app.component.js
C:\Users\Tannavi\CG\MedicalStore\MedicalStoreManagementSystem\ClientApp\dist\out-tsc\app\app.component.js.map
C:\Users\Tannavi\CG\MedicalStore\MedicalStoreManagementSystem\ClientApp\dist\out-tsc\app\admin\jwt-interceptor.service.js
C:\Users\Tannavi\CG\MedicalStore\MedicalStoreManagementSystem\ClientApp\dist\out-tsc\app\admin\jwt-interceptor.service.js.map
C:\Users\Tannavi\CG\MedicalStore\MedicalStoreManagementSystem\ClientApp\dist\out-tsc\app\app.module.js
C:\Users\Tannavi\CG\MedicalStore\MedicalStoreManagementSystem\ClientApp\dist\out-tsc\app\app.module.js.map
C:\Users\Tannavi\CG\MedicalStore\MedicalStoreManagementSystem\ClientApp\dist\out-tsc\main.js
C:\Users\Tannavi\CG\MedicalStore\MedicalStoreManagementSystem\ClientApp\dist\out-tsc\main.js.map
C:\Users\Tannavi\CG\MedicalStore\MedicalStoreManagementSystem\ClientApp\dist\out-tsc\polyfills.js
C:\Users\Tannavi\CG\MedicalStore\MedicalStoreManagementSystem\ClientApp\dist\out-tsc\polyfills.js.map
C:\Users\Tannavi\CG\MedicalStore\MedicalStoreManagementSystem\ClientApp\dist\out-tsc\test.js
C:\Users\Tannavi\CG\MedicalStore\MedicalStoreManagementSystem\ClientApp\dist\out-tsc\test.js.map
C:\Users\Tannavi\CG\MedicalStore\MedicalStoreManagementSystem\ClientApp\dist\out-tsc\app\app.component.spec.js
C:\Users\Tannavi\CG\MedicalStore\MedicalStoreManagementSystem\ClientApp\dist\out-tsc\app\app.component.spec.js.map
C:\Users\Tannavi\CG\MedicalStore\MedicalStoreManagementSystem\ClientApp\dist\out-tsc\app\admin\admin.component.spec.js
C:\Users\Tannavi\CG\MedicalStore\MedicalStoreManagementSystem\ClientApp\dist\out-tsc\app\admin\admin.component.spec.js.map
C:\Users\Tannavi\CG\MedicalStore\MedicalStoreManagementSystem\ClientApp\dist\out-tsc\app\admin\is-admin.guard.spec.js
C:\Users\Tannavi\CG\MedicalStore\MedicalStoreManagementSystem\ClientApp\dist\out-tsc\app\admin\is-admin.guard.spec.js.map
C:\Users\Tannavi\CG\MedicalStore\MedicalStoreManagementSystem\ClientApp\dist\out-tsc\app\admin\jwt-interceptor.service.spec.js
C:\Users\Tannavi\CG\MedicalStore\MedicalStoreManagementSystem\ClientApp\dist\out-tsc\app\admin\jwt-interceptor.service.spec.js.map
C:\Users\Tannavi\CG\MedicalStore\MedicalStoreManagementSystem\ClientApp\dist\out-tsc\app\admin\medical-store.service.js
C:\Users\Tannavi\CG\MedicalStore\MedicalStoreManagementSystem\ClientApp\dist\out-tsc\app\admin\medical-store.service.js.map
C:\Users\Tannavi\CG\MedicalStore\MedicalStoreManagementSystem\ClientApp\dist\out-tsc\app\admin\medical-store.service.spec.js
C:\Users\Tannavi\CG\MedicalStore\MedicalStoreManagementSystem\ClientApp\dist\out-tsc\app\admin\medical-store.service.spec.js.map
C:\Users\Tannavi\CG\MedicalStore\MedicalStoreManagementSystem\ClientApp\dist\out-tsc\app\admin\authorize-view\authorize-view.component.spec.js
C:\Users\Tannavi\CG\MedicalStore\MedicalStoreManagementSystem\ClientApp\dist\out-tsc\app\admin\authorize-view\authorize-view.component.spec.js.map
C:\Users\Tannavi\CG\MedicalStore\MedicalStoreManagementSystem\ClientApp\dist\out-tsc\app\admin\customers\clients.service.spec.js
C:\Users\Tannavi\CG\MedicalStore\MedicalStoreManagementSystem\ClientApp\dist\out-tsc\app\admin\customers\clients.service.spec.js.map
C:\Users\Tannavi\CG\MedicalStore\MedicalStoreManagementSystem\ClientApp\dist\out-tsc\app\admin\customers\customers.component.spec.js
C:\Users\Tannavi\CG\MedicalStore\MedicalStoreManagementSystem\ClientApp\dist\out-tsc\app\admin\customers\customers.component.spec.js.map
C:\Users\Tannavi\CG\MedicalStore\MedicalStoreManagementSystem\ClientApp\dist\out-tsc\app\admin\customers\create-customer\create-customer.component.spec.js
C:\Users\Tannavi\CG\MedicalStore\MedicalStoreManagementSystem\ClientApp\dist\out-tsc\app\admin\customers\create-customer\create-customer.component.spec.js.map
C:\Users\Tannavi\CG\MedicalStore\MedicalStoreManagementSystem\ClientApp\dist\out-tsc\app\admin\customers\edit-customer\edit-customer.component.spec.js
C:\Users\Tannavi\CG\MedicalStore\MedicalStoreManagementSystem\ClientApp\dist\out-tsc\app\admin\customers\edit-customer\edit-customer.component.spec.js.map
C:\Users\Tannavi\CG\MedicalStore\MedicalStoreManagementSystem\ClientApp\dist\out-tsc\app\admin\customers\form-customers\form-customers.component.spec.js
C:\Users\Tannavi\CG\MedicalStore\MedicalStoreManagementSystem\ClientApp\dist\out-tsc\app\admin\customers\form-customers\form-customers.component.spec.js.map
C:\Users\Tannavi\CG\MedicalStore\MedicalStoreManagementSystem\ClientApp\dist\out-tsc\app\admin\dashboard\dashboard.component.spec.js
C:\Users\Tannavi\CG\MedicalStore\MedicalStoreManagementSystem\ClientApp\dist\out-tsc\app\admin\dashboard\dashboard.component.spec.js.map
C:\Users\Tannavi\CG\MedicalStore\MedicalStoreManagementSystem\ClientApp\dist\out-tsc\app\admin\display-errors\display-errors.component.spec.js
C:\Users\Tannavi\CG\MedicalStore\MedicalStoreManagementSystem\ClientApp\dist\out-tsc\app\admin\display-errors\display-errors.component.spec.js.map
C:\Users\Tannavi\CG\MedicalStore\MedicalStoreManagementSystem\ClientApp\dist\out-tsc\app\admin\logout\logout.component.spec.js
C:\Users\Tannavi\CG\MedicalStore\MedicalStoreManagementSystem\ClientApp\dist\out-tsc\app\admin\logout\logout.component.spec.js.map
C:\Users\Tannavi\CG\MedicalStore\MedicalStoreManagementSystem\ClientApp\dist\out-tsc\app\admin\medicines\medicines.component.spec.js
C:\Users\Tannavi\CG\MedicalStore\MedicalStoreManagementSystem\ClientApp\dist\out-tsc\app\admin\medicines\medicines.component.spec.js.map
C:\Users\Tannavi\CG\MedicalStore\MedicalStoreManagementSystem\ClientApp\dist\out-tsc\app\admin\navigation\navigation.component.spec.js
C:\Users\Tannavi\CG\MedicalStore\MedicalStoreManagementSystem\ClientApp\dist\out-tsc\app\admin\navigation\navigation.component.spec.js.map
C:\Users\Tannavi\CG\MedicalStore\MedicalStoreManagementSystem\ClientApp\dist\out-tsc\app\admin\reports\reports.component.spec.js
C:\Users\Tannavi\CG\MedicalStore\MedicalStoreManagementSystem\ClientApp\dist\out-tsc\app\admin\reports\reports.component.spec.js.map
C:\Users\Tannavi\CG\MedicalStore\MedicalStoreManagementSystem\ClientApp\dist\out-tsc\app\admin\security\security.service.spec.js
C:\Users\Tannavi\CG\MedicalStore\MedicalStoreManagementSystem\ClientApp\dist\out-tsc\app\admin\security\security.service.spec.js.map
C:\Users\Tannavi\CG\MedicalStore\MedicalStoreManagementSystem\ClientApp\dist\out-tsc\app\admin\security\authentication-form\authentication-form.component.spec.js
C:\Users\Tannavi\CG\MedicalStore\MedicalStoreManagementSystem\ClientApp\dist\out-tsc\app\admin\security\authentication-form\authentication-form.component.spec.js.map
C:\Users\Tannavi\CG\MedicalStore\MedicalStoreManagementSystem\ClientApp\dist\out-tsc\app\admin\security\login\login.component.spec.js
C:\Users\Tannavi\CG\MedicalStore\MedicalStoreManagementSystem\ClientApp\dist\out-tsc\app\admin\security\login\login.component.spec.js.map
C:\Users\Tannavi\CG\MedicalStore\MedicalStoreManagementSystem\ClientApp\dist\out-tsc\app\admin\security\register\register.component.spec.js
C:\Users\Tannavi\CG\MedicalStore\MedicalStoreManagementSystem\ClientApp\dist\out-tsc\app\admin\security\register\register.component.spec.js.map
C:\Users\Tannavi\CG\MedicalStore\MedicalStoreManagementSystem\ClientApp\dist\out-tsc\app\admin\stock\stock.component.spec.js
C:\Users\Tannavi\CG\MedicalStore\MedicalStoreManagementSystem\ClientApp\dist\out-tsc\app\admin\stock\stock.component.spec.js.map
C:\Users\Tannavi\CG\MedicalStore\MedicalStoreManagementSystem\ClientApp\dist\out-tsc\app\admin\stock\stock.service.spec.js
C:\Users\Tannavi\CG\MedicalStore\MedicalStoreManagementSystem\ClientApp\dist\out-tsc\app\admin\stock\stock.service.spec.js.map
C:\Users\Tannavi\CG\MedicalStore\MedicalStoreManagementSystem\ClientApp\dist\out-tsc\app\admin\stock\create-stock\create-stock.component.spec.js
C:\Users\Tannavi\CG\MedicalStore\MedicalStoreManagementSystem\ClientApp\dist\out-tsc\app\admin\stock\create-stock\create-stock.component.spec.js.map
C:\Users\Tannavi\CG\MedicalStore\MedicalStoreManagementSystem\ClientApp\dist\out-tsc\app\admin\stock\edit-stock\edit-stock.component.spec.js
C:\Users\Tannavi\CG\MedicalStore\MedicalStoreManagementSystem\ClientApp\dist\out-tsc\app\admin\stock\edit-stock\edit-stock.component.spec.js.map
C:\Users\Tannavi\CG\MedicalStore\MedicalStoreManagementSystem\ClientApp\dist\out-tsc\app\admin\stock\form-stock\form-stock.component.spec.js
C:\Users\Tannavi\CG\MedicalStore\MedicalStoreManagementSystem\ClientApp\dist\out-tsc\app\admin\stock\form-stock\form-stock.component.spec.js.map
C:\Users\Tannavi\CG\MedicalStore\MedicalStoreManagementSystem\ClientApp\dist\out-tsc\app\admin\suppliers\companies.service.spec.js
C:\Users\Tannavi\CG\MedicalStore\MedicalStoreManagementSystem\ClientApp\dist\out-tsc\app\admin\suppliers\companies.service.spec.js.map
C:\Users\Tannavi\CG\MedicalStore\MedicalStoreManagementSystem\ClientApp\dist\out-tsc\app\admin\suppliers\suppliers.component.spec.js
C:\Users\Tannavi\CG\MedicalStore\MedicalStoreManagementSystem\ClientApp\dist\out-tsc\app\admin\suppliers\suppliers.component.spec.js.map
C:\Users\Tannavi\CG\MedicalStore\MedicalStoreManagementSystem\ClientApp\dist\out-tsc\app\admin\suppliers\create-supplier\create-supplier.component.spec.js
C:\Users\Tannavi\CG\MedicalStore\MedicalStoreManagementSystem\ClientApp\dist\out-tsc\app\admin\suppliers\create-supplier\create-supplier.component.spec.js.map
C:\Users\Tannavi\CG\MedicalStore\MedicalStoreManagementSystem\ClientApp\dist\out-tsc\app\admin\suppliers\edit-supplier\edit-supplier.component.spec.js
C:\Users\Tannavi\CG\MedicalStore\MedicalStoreManagementSystem\ClientApp\dist\out-tsc\app\admin\suppliers\edit-supplier\edit-supplier.component.spec.js.map
C:\Users\Tannavi\CG\MedicalStore\MedicalStoreManagementSystem\ClientApp\dist\out-tsc\app\admin\suppliers\form-suppliers\form-suppliers.component.spec.js
C:\Users\Tannavi\CG\MedicalStore\MedicalStoreManagementSystem\ClientApp\dist\out-tsc\app\admin\suppliers\form-suppliers\form-suppliers.component.spec.js.map
C:\Users\Tannavi\CG\MedicalStore\MedicalStoreManagementSystem\ClientApp\dist\out-tsc\app\home\home.component.spec.js
C:\Users\Tannavi\CG\MedicalStore\MedicalStoreManagementSystem\ClientApp\dist\out-tsc\app\home\home.component.spec.js.map
C:\Users\Tannavi\CG\MedicalStore\MedicalStoreManagementSystem\ClientApp\dist\out-tsc\environments\environment.prod.js
C:\Users\Tannavi\CG\MedicalStore\MedicalStoreManagementSystem\ClientApp\dist\out-tsc\environments\environment.prod.js.map
